[0.038s] Invoking command in '/home/b/dev_ws_test/build/my_bot': CMAKE_PREFIX_PATH=/opt/ros/humble /usr/bin/cmake /home/b/dev_ws_test/src/my_bot -DAMENT_CMAKE_SYMLINK_INSTALL=1 -DCMAKE_INSTALL_PREFIX=/home/b/dev_ws_test/install/my_bot
[0.178s] -- The C compiler identification is GNU 11.4.0
[0.223s] -- The CXX compiler identification is GNU 11.4.0
[0.229s] -- Detecting C compiler ABI info
[0.288s] -- Detecting C compiler ABI info - done
[0.294s] -- Check for working C compiler: /usr/bin/cc - skipped
[0.294s] -- Detecting C compile features
[0.295s] -- Detecting C compile features - done
[0.297s] -- Detecting CXX compiler ABI info
[0.363s] -- Detecting CXX compiler ABI info - done
[0.369s] -- Check for working CXX compiler: /usr/bin/c++ - skipped
[0.369s] -- Detecting CXX compile features
[0.369s] -- Detecting CXX compile features - done
[0.372s] -- Found ament_cmake: 1.3.5 (/opt/ros/humble/share/ament_cmake/cmake)
[0.505s] -- Found Python3: /usr/bin/python3.10 (found version "3.10.12") found components: Interpreter 
[0.564s] -- Override CMake install command with custom implementation using symlinks instead of copying resources
[0.585s] -- Found ament_lint_auto: 0.12.8 (/opt/ros/humble/share/ament_lint_auto/cmake)
[0.653s] -- Added test 'copyright' to check source files copyright and LICENSE
[0.658s] -- Added test 'flake8' to check Python code syntax and style conventions
[0.659s] -- Added test 'lint_cmake' to check CMake code style
[0.660s] -- Added test 'pep257' to check Python code against some of the docstring style conventions in PEP 257
[0.663s] -- Added test 'xmllint' to check XML markup files
[0.664s] -- Configuring done
[0.667s] -- Generating done
[0.668s] -- Build files have been written to: /home/b/dev_ws_test/build/my_bot
[0.674s] Invoked command in '/home/b/dev_ws_test/build/my_bot' returned '0': CMAKE_PREFIX_PATH=/opt/ros/humble /usr/bin/cmake /home/b/dev_ws_test/src/my_bot -DAMENT_CMAKE_SYMLINK_INSTALL=1 -DCMAKE_INSTALL_PREFIX=/home/b/dev_ws_test/install/my_bot
[0.674s] Invoking command in '/home/b/dev_ws_test/build/my_bot': CMAKE_PREFIX_PATH=/opt/ros/humble /usr/bin/cmake --build /home/b/dev_ws_test/build/my_bot -- -j2 -l2
[0.711s] Invoked command in '/home/b/dev_ws_test/build/my_bot' returned '0': CMAKE_PREFIX_PATH=/opt/ros/humble /usr/bin/cmake --build /home/b/dev_ws_test/build/my_bot -- -j2 -l2
[0.740s] Invoking command in '/home/b/dev_ws_test/build/my_bot': CMAKE_PREFIX_PATH=/opt/ros/humble /usr/bin/cmake --install /home/b/dev_ws_test/build/my_bot
[0.750s] -- Install configuration: ""
[0.750s] -- Execute custom install script
[0.751s] -- Symlinking: /home/b/dev_ws_test/install/my_bot/share/my_bot/config/empty.yaml
[0.760s] -- Symlinking: /home/b/dev_ws_test/install/my_bot/share/my_bot/description/robot.urdf.xacro
[0.769s] -- Symlinking: /home/b/dev_ws_test/install/my_bot/share/my_bot/launch/rsp.launch.py
[0.778s] -- Symlinking: /home/b/dev_ws_test/install/my_bot/share/my_bot/worlds/empty.world
[0.786s] -- Symlinking: /home/b/dev_ws_test/install/my_bot/share/ament_index/resource_index/package_run_dependencies/my_bot
[0.794s] -- Symlinking: /home/b/dev_ws_test/install/my_bot/share/ament_index/resource_index/parent_prefix_path/my_bot
[0.801s] -- Symlinking: /home/b/dev_ws_test/install/my_bot/share/my_bot/environment/ament_prefix_path.sh
[0.809s] -- Symlinking: /home/b/dev_ws_test/install/my_bot/share/my_bot/environment/ament_prefix_path.dsv
[0.817s] -- Symlinking: /home/b/dev_ws_test/install/my_bot/share/my_bot/environment/path.sh
[0.825s] -- Symlinking: /home/b/dev_ws_test/install/my_bot/share/my_bot/environment/path.dsv
[0.832s] -- Symlinking: /home/b/dev_ws_test/install/my_bot/share/my_bot/local_setup.bash
[0.844s] -- Symlinking: /home/b/dev_ws_test/install/my_bot/share/my_bot/local_setup.sh
[0.852s] -- Symlinking: /home/b/dev_ws_test/install/my_bot/share/my_bot/local_setup.zsh
[0.859s] -- Symlinking: /home/b/dev_ws_test/install/my_bot/share/my_bot/local_setup.dsv
[0.867s] -- Symlinking: /home/b/dev_ws_test/install/my_bot/share/my_bot/package.dsv
[0.875s] -- Symlinking: /home/b/dev_ws_test/install/my_bot/share/ament_index/resource_index/packages/my_bot
[0.883s] -- Symlinking: /home/b/dev_ws_test/install/my_bot/share/my_bot/cmake/my_botConfig.cmake
[0.891s] -- Symlinking: /home/b/dev_ws_test/install/my_bot/share/my_bot/cmake/my_botConfig-version.cmake
[0.898s] -- Symlinking: /home/b/dev_ws_test/install/my_bot/share/my_bot/package.xml
[0.908s] Invoked command in '/home/b/dev_ws_test/build/my_bot' returned '0': CMAKE_PREFIX_PATH=/opt/ros/humble /usr/bin/cmake --install /home/b/dev_ws_test/build/my_bot
