[0.055s] Invoking command in '/home/b/dev_ws_test/build/my_bot': CMAKE_PREFIX_PATH=${CMAKE_PREFIX_PATH}:/opt/ros/humble /usr/bin/cmake --build /home/b/dev_ws_test/build/my_bot -- -j2 -l2
[0.159s] Invoked command in '/home/b/dev_ws_test/build/my_bot' returned '0': CMAKE_PREFIX_PATH=${CMAKE_PREFIX_PATH}:/opt/ros/humble /usr/bin/cmake --build /home/b/dev_ws_test/build/my_bot -- -j2 -l2
[0.183s] Invoking command in '/home/b/dev_ws_test/build/my_bot': CMAKE_PREFIX_PATH=${CMAKE_PREFIX_PATH}:/opt/ros/humble /usr/bin/cmake --install /home/b/dev_ws_test/build/my_bot
[0.191s] -- Install configuration: ""
[0.192s] -- Execute custom install script
[0.194s] -- Up-to-date symlink: /home/b/dev_ws_test/install/my_bot/share/my_bot/config/empty.yaml
[0.195s] -- Up-to-date symlink: /home/b/dev_ws_test/install/my_bot/share/my_bot/description/robot.urdf.xacro
[0.196s] -- Up-to-date symlink: /home/b/dev_ws_test/install/my_bot/share/my_bot/launch/rsp.launch.py
[0.196s] -- Up-to-date symlink: /home/b/dev_ws_test/install/my_bot/share/my_bot/worlds/empty.world
[0.197s] -- Up-to-date symlink: /home/b/dev_ws_test/install/my_bot/share/ament_index/resource_index/package_run_dependencies/my_bot
[0.198s] -- Up-to-date symlink: /home/b/dev_ws_test/install/my_bot/share/ament_index/resource_index/parent_prefix_path/my_bot
[0.198s] -- Up-to-date symlink: /home/b/dev_ws_test/install/my_bot/share/my_bot/environment/ament_prefix_path.sh
[0.199s] -- Up-to-date symlink: /home/b/dev_ws_test/install/my_bot/share/my_bot/environment/ament_prefix_path.dsv
[0.199s] -- Up-to-date symlink: /home/b/dev_ws_test/install/my_bot/share/my_bot/environment/path.sh
[0.200s] -- Up-to-date symlink: /home/b/dev_ws_test/install/my_bot/share/my_bot/environment/path.dsv
[0.200s] -- Up-to-date symlink: /home/b/dev_ws_test/install/my_bot/share/my_bot/local_setup.bash
[0.201s] -- Up-to-date symlink: /home/b/dev_ws_test/install/my_bot/share/my_bot/local_setup.sh
[0.201s] -- Up-to-date symlink: /home/b/dev_ws_test/install/my_bot/share/my_bot/local_setup.zsh
[0.201s] -- Up-to-date symlink: /home/b/dev_ws_test/install/my_bot/share/my_bot/local_setup.dsv
[0.202s] -- Symlinking: /home/b/dev_ws_test/install/my_bot/share/my_bot/package.dsv
[0.209s] -- Up-to-date symlink: /home/b/dev_ws_test/install/my_bot/share/ament_index/resource_index/packages/my_bot
[0.210s] -- Up-to-date symlink: /home/b/dev_ws_test/install/my_bot/share/my_bot/cmake/my_botConfig.cmake
[0.210s] -- Up-to-date symlink: /home/b/dev_ws_test/install/my_bot/share/my_bot/cmake/my_botConfig-version.cmake
[0.211s] -- Up-to-date symlink: /home/b/dev_ws_test/install/my_bot/share/my_bot/package.xml
[0.213s] Invoked command in '/home/b/dev_ws_test/build/my_bot' returned '0': CMAKE_PREFIX_PATH=${CMAKE_PREFIX_PATH}:/opt/ros/humble /usr/bin/cmake --install /home/b/dev_ws_test/build/my_bot
